============================= test session starts =============================
collecting ... collected 35 items

src/chat/tests/application_tests/test_buscar_conhecimento.py::TestBuscarConhecimentoHandler::test_com_resultados PASSED [  2%]
src/chat/tests/application_tests/test_buscar_conhecimento.py::TestBuscarConhecimentoHandler::test_sem_resultados PASSED [  5%]
src/chat/tests/application_tests/test_enviar_mensagem.py::TestEnviarMensagemHandler::test_com_conversa_existente PASSED [  8%]
src/chat/tests/application_tests/test_enviar_mensagem.py::TestEnviarMensagemHandler::test_cria_conversa_nova PASSED [ 11%]
src/chat/tests/application_tests/test_enviar_mensagem.py::TestEnviarMensagemHandler::test_sem_contexto_rag PASSED [ 14%]
src/chat/tests/application_tests/test_enviar_mensagem.py::TestEnviarMensagemCommand::test_conteudo_vazio PASSED [ 17%]
src/chat/tests/application_tests/test_enviar_mensagem.py::TestEnviarMensagemCommand::test_conversa_id_vazio PASSED [ 20%]
src/chat/tests/application_tests/test_enviar_mensagem.py::TestEnviarMensagemCommand::test_dados_validos PASSED [ 22%]
src/chat/tests/domain_tests/test_entidades.py::TestConversa::test_criar_conversa PASSED [ 25%]
src/chat/tests/domain_tests/test_entidades.py::TestConversa::test_titulo_padrao PASSED [ 28%]
src/chat/tests/domain_tests/test_entidades.py::TestConversa::test_adicionar_mensagem PASSED [ 31%]
src/chat/tests/domain_tests/test_entidades.py::TestConversa::test_atualizar_titulo PASSED [ 34%]
src/chat/tests/domain_tests/test_entidades.py::TestConversa::test_ids_unicos PASSED [ 37%]
src/chat/tests/domain_tests/test_entidades.py::TestMensagem::test_criar_mensagem_usuario PASSED [ 40%]
src/chat/tests/domain_tests/test_entidades.py::TestMensagem::test_criar_mensagem_bot PASSED [ 42%]
src/chat/tests/domain_tests/test_entidades.py::TestMensagem::test_remetente_invalido PASSED [ 45%]
src/chat/tests/domain_tests/test_entidades.py::TestMensagem::test_ids_unicos PASSED [ 48%]
src/chat/tests/domain_tests/test_entidades.py::TestConhecimento::test_criar_conhecimento PASSED [ 51%]
src/chat/tests/domain_tests/test_entidades.py::TestConhecimento::test_ids_unicos PASSED [ 54%]
src/chat/tests/domain_tests/test_value_objects.py::TestConteudoMensagem::test_criar PASSED [ 57%]
src/chat/tests/domain_tests/test_value_objects.py::TestConteudoMensagem::test_igualdade PASSED [ 60%]
src/chat/tests/domain_tests/test_value_objects.py::TestConteudoMensagem::test_desigualdade PASSED [ 62%]
src/chat/tests/domain_tests/test_value_objects.py::TestConteudoMensagem::test_imutabilidade PASSED [ 65%]
src/chat/tests/domain_tests/test_value_objects.py::TestRespostaIA::test_criar PASSED [ 68%]
src/chat/tests/domain_tests/test_value_objects.py::TestRespostaIA::test_padrao PASSED [ 71%]
src/chat/tests/domain_tests/test_value_objects.py::TestRespostaIA::test_igualdade PASSED [ 74%]
src/chat/tests/domain_tests/test_value_objects.py::TestRespostaIA::test_imutabilidade PASSED [ 77%]
src/chat/tests/infrastructure_tests/test_api.py::TestHealth::test_root PASSED [ 80%]
src/chat/tests/infrastructure_tests/test_api.py::TestHealth::test_health PASSED [ 82%]
src/chat/tests/infrastructure_tests/test_api.py::TestConversaEndpoints::test_criar_conversa PASSED [ 85%]
src/chat/tests/infrastructure_tests/test_api.py::TestConversaEndpoints::test_buscar_existente PASSED [ 88%]
src/chat/tests/infrastructure_tests/test_api.py::TestConversaEndpoints::test_buscar_inexistente PASSED [ 91%]
src/chat/tests/infrastructure_tests/test_api.py::TestConversaEndpoints::test_listar_por_usuario PASSED [ 94%]
src/chat/tests/infrastructure_tests/test_api.py::TestMensagemEndpoint::test_enviar_com_mock PASSED [ 97%]
src/chat/tests/infrastructure_tests/test_api.py::TestMensagemEndpoint::test_conteudo_vazio PASSED [100%]

============================= 35 passed in 3.74s ==============================
